<?xml version="1.0" encoding="UTF-8"?>
<testng-results skipped="0" failed="0" ignored="0" total="1" passed="1">
  <reporter-output>
  </reporter-output>
  <suite name="NewSuiteCases" duration-ms="22542" started-at="2020-05-17T10:19:11 IST" finished-at="2020-05-17T10:19:34 IST">
    <groups>
    </groups>
    <test name="RetrySuites" duration-ms="22542" started-at="2020-05-17T10:19:11 IST" finished-at="2020-05-17T10:19:34 IST">
      <class name="ScriptPackage.InitScript">
        <test-method status="PASS" signature="setUp()[pri:0, instance:ScriptPackage.InitScript@6e06451e]" name="setUp" is-config="true" duration-ms="2799" started-at="2020-05-17T10:19:11 IST" finished-at="2020-05-17T10:19:14 IST">
          <reporter-output>
          </reporter-output>
        </test-method> <!-- setUp -->
        <test-method status="PASS" signature="metho1(java.lang.String, java.lang.String, java.lang.String, java.lang.String, java.lang.String, java.lang.String, java.lang.String, java.lang.String, java.lang.String, java.lang.String, java.lang.String, java.lang.String, java.lang.String, java.lang.String, java.lang.String, java.lang.String, java.lang.String)[pri:0, instance:ScriptPackage.InitScript@6e06451e]" name="metho1" duration-ms="19365" started-at="2020-05-17T10:19:14 IST" finished-at="2020-05-17T10:19:33 IST">
          <params>
            <param index="0">
              <value>
                <![CDATA[01011990]]>
              </value>
            </param>
            <param index="1">
              <value>
                <![CDATA[500000]]>
              </value>
            </param>
            <param index="2">
              <value>
                <![CDATA[false]]>
              </value>
            </param>
            <param index="3">
              <value>
                <![CDATA[CA]]>
              </value>
            </param>
            <param index="4">
              <value>
                <![CDATA[David]]>
              </value>
            </param>
            <param index="5">
              <value>
                <![CDATA[Emmanuel]]>
              </value>
            </param>
            <param index="6">
              <value>
                <![CDATA[Male]]>
              </value>
            </param>
            <param index="7">
              <value>
                <![CDATA[hello@603550.net]]>
              </value>
            </param>
            <param index="8">
              <value>
                <![CDATA[3303553145]]>
              </value>
            </param>
            <param index="9">
              <value>
                <![CDATA[123 Bogg Street]]>
              </value>
            </param>
            <param index="10">
              <value>
                <![CDATA[Beverly Hills]]>
              </value>
            </param>
            <param index="11">
              <value>
                <![CDATA[CA]]>
              </value>
            </param>
            <param index="12">
              <value>
                <![CDATA[90210]]>
              </value>
            </param>
            <param index="13">
              <value>
                <![CDATA[David Emmanuel]]>
              </value>
            </param>
            <param index="14">
              <value>
                <![CDATA[hello@603550.net]]>
              </value>
            </param>
            <param index="15">
              <value>
                <![CDATA[3303553145]]>
              </value>
            </param>
            <param index="16">
              <value>
                <![CDATA[false]]>
              </value>
            </param>
          </params>
          <reporter-output>
          </reporter-output>
        </test-method> <!-- metho1 -->
        <test-method status="PASS" signature="Teardown()[pri:0, instance:ScriptPackage.InitScript@6e06451e]" name="Teardown" is-config="true" duration-ms="355" started-at="2020-05-17T10:19:33 IST" finished-at="2020-05-17T10:19:34 IST">
          <reporter-output>
          </reporter-output>
        </test-method> <!-- Teardown -->
      </class> <!-- ScriptPackage.InitScript -->
    </test> <!-- RetrySuites -->
  </suite> <!-- NewSuiteCases -->
</testng-results>
